<?xml version="1.0" encoding="UTF-8"?>
<testng-results skipped="0" failed="0" ignored="0" total="1" passed="1">
  <reporter-output>
  </reporter-output>
  <suite name="Default suite" duration-ms="127237" started-at="2018-02-10T22:55:51Z" finished-at="2018-02-10T22:57:58Z">
    <groups>
    </groups>
    <test name="Default test" duration-ms="127237" started-at="2018-02-10T22:55:51Z" finished-at="2018-02-10T22:57:58Z">
      <class name="testcases.FlightPageTest">
        <test-method status="PASS" signature="openBrowser()[pri:0, instance:testcases.FlightPageTest@27efef64]" name="openBrowser" is-config="true" duration-ms="60591" started-at="2018-02-10T22:55:51Z" finished-at="2018-02-10T22:56:51Z">
          <reporter-output>
          </reporter-output>
        </test-method> <!-- openBrowser -->
        <test-method status="PASS" signature="testCase()[pri:0, instance:testcases.FlightPageTest@27efef64]" name="testCase" duration-ms="60628" started-at="2018-02-10T22:56:52Z" finished-at="2018-02-10T22:57:52Z">
          <reporter-output>
          </reporter-output>
        </test-method> <!-- testCase -->
        <test-method status="PASS" signature="endBrowser()[pri:0, instance:testcases.FlightPageTest@27efef64]" name="endBrowser" is-config="true" duration-ms="5738" started-at="2018-02-10T22:57:52Z" finished-at="2018-02-10T22:57:58Z">
          <reporter-output>
          </reporter-output>
        </test-method> <!-- endBrowser -->
      </class> <!-- testcases.FlightPageTest -->
    </test> <!-- Default test -->
  </suite> <!-- Default suite -->
</testng-results>
